<?xml version="1.0" encoding="UTF-8"?>
<!-- Generated by org.testng.reporters.JUnitReportReporter -->
<testsuite hostname="Margarets-Air" failures="0" tests="1" name="testscript.QALegendSignUpPageTest" time="8.154" errors="0" timestamp="2024-12-09T03:44:48 IST" skipped="0">
  <testcase classname="testscript.QALegendSignUpPageTest" name="SignUp" time="8.154"/>
</testsuite> <!-- testscript.QALegendSignUpPageTest -->
