<?xml version="1.0" encoding="UTF-8"?>
<!-- Generated by org.testng.reporters.JUnitReportReporter -->
<testsuite hostname="Margarets-Air" failures="0" tests="2" name="testscript.QALegendNotePageTest" time="29.207" errors="0" timestamp="2024-12-09T03:31:14 IST" skipped="0">
  <testcase classname="testscript.QALegendNotePageTest" name="addNote" time="14.775"/>
  <testcase classname="testscript.QALegendNotePageTest" name="editItem" time="14.432"/>
</testsuite> <!-- testscript.QALegendNotePageTest -->
