<?xml version="1.0" encoding="UTF-8"?>
<!-- Generated by org.testng.reporters.JUnitReportReporter -->
<testsuite hostname="Margarets-Air" failures="0" tests="2" name="testscript.QALegendClientPageTest" time="34.043" errors="0" timestamp="2024-12-09T03:12:53 IST" skipped="0">
  <testcase classname="testscript.QALegendClientPageTest" name="addClient" time="19.623"/>
  <testcase classname="testscript.QALegendClientPageTest" name="editClient" time="14.420"/>
</testsuite> <!-- testscript.QALegendClientPageTest -->
