<?xml version="1.0" encoding="UTF-8"?>
<!-- Generated by org.testng.reporters.JUnitReportReporter -->
<testsuite hostname="Margarets-Air" failures="0" tests="1" name="testscript.QALegendSignUpPageTest" time="10.623" errors="0" timestamp="2024-12-11T02:45:59 IST" skipped="0">
  <testcase classname="testscript.QALegendSignUpPageTest" name="SignUp" time="10.623"/>
</testsuite> <!-- testscript.QALegendSignUpPageTest -->
