<?xml version="1.0" encoding="UTF-8"?>
<!-- Generated by org.testng.reporters.JUnitReportReporter -->
<testsuite hostname="Margarets-Air" failures="0" tests="4" name="testscript.QALegendLoginPageTest" time="11.519" errors="0" timestamp="2024-12-09T03:22:53 IST" skipped="0">
  <testcase classname="testscript.QALegendLoginPageTest" name="LoginTestFailure" time="2.605"/>
  <testcase classname="testscript.QALegendLoginPageTest" name="LoginTestFailure" time="2.585"/>
  <testcase classname="testscript.QALegendLoginPageTest" name="LoginTestSuccess" time="3.501"/>
  <testcase classname="testscript.QALegendLoginPageTest" name="LoginTestFailure" time="2.828"/>
</testsuite> <!-- testscript.QALegendLoginPageTest -->
