<?xml version="1.0" encoding="UTF-8"?>
<!-- Generated by org.testng.reporters.JUnitReportReporter -->
<testsuite hostname="Margarets-Air" failures="0" tests="2" name="testscript.QALegendItemPageTest" time="29.140" errors="0" timestamp="2024-12-09T03:18:55 IST" skipped="0">
  <testcase classname="testscript.QALegendItemPageTest" name="addItem" time="14.710"/>
  <testcase classname="testscript.QALegendItemPageTest" name="editItem" time="14.430"/>
</testsuite> <!-- testscript.QALegendItemPageTest -->
