<?xml version="1.0" encoding="UTF-8"?>
<!-- Generated by org.testng.reporters.JUnitReportReporter -->
<testsuite hostname="Margarets-Air" failures="0" tests="4" name="testscript.QALegendLoginPageTest" time="14.841" errors="0" timestamp="2024-12-15T23:38:46 IST" skipped="0">
  <testcase classname="testscript.QALegendLoginPageTest" name="LoginTestSuccess" time="6.831"/>
  <testcase classname="testscript.QALegendLoginPageTest" name="LoginTestFailure" time="2.674"/>
  <testcase classname="testscript.QALegendLoginPageTest" name="LoginTestFailure" time="2.637"/>
  <testcase classname="testscript.QALegendLoginPageTest" name="LoginTestFailure" time="2.699"/>
</testsuite> <!-- testscript.QALegendLoginPageTest -->
