<?xml version="1.0" encoding="UTF-8"?>
<!-- Generated by org.testng.reporters.JUnitReportReporter -->
<testsuite hostname="Margarets-Air" failures="0" tests="4" name="testscript.QALegendLoginPageTest" time="12.054" errors="0" timestamp="2024-12-13T11:20:41 IST" skipped="0">
  <testcase classname="testscript.QALegendLoginPageTest" name="LoginTestSuccess" time="4.110"/>
  <testcase classname="testscript.QALegendLoginPageTest" name="LoginTestFailure" time="2.655"/>
  <testcase classname="testscript.QALegendLoginPageTest" name="LoginTestFailure" time="2.648"/>
  <testcase classname="testscript.QALegendLoginPageTest" name="LoginTestFailure" time="2.641"/>
</testsuite> <!-- testscript.QALegendLoginPageTest -->
