<?xml version="1.0" encoding="UTF-8"?>
<!-- Generated by org.testng.reporters.JUnitReportReporter -->
<testsuite hostname="Margarets-Air" failures="0" tests="2" name="testscript.QALegendTeamMembersPageTest" time="29.043" errors="0" timestamp="2024-12-09T03:47:27 IST" skipped="0">
  <testcase classname="testscript.QALegendTeamMembersPageTest" name="addTeamMember" time="15.031"/>
  <testcase classname="testscript.QALegendTeamMembersPageTest" name="deleteTeamMember" time="14.012"/>
</testsuite> <!-- testscript.QALegendTeamMembersPageTest -->
