<?xml version="1.0" encoding="UTF-8"?>
<!-- Generated by org.testng.reporters.JUnitReportReporter -->
<testsuite hostname="Margarets-Air" failures="0" tests="4" name="testscript.QALegendLoginPageTest" time="19.987" errors="0" timestamp="2024-12-13T11:06:59 IST" skipped="0">
  <testcase classname="testscript.QALegendLoginPageTest" name="LoginTestFailure" time="2.715"/>
  <testcase classname="testscript.QALegendLoginPageTest" name="LoginTestSuccess" time="3.213"/>
  <testcase classname="testscript.QALegendLoginPageTest" name="LoginTestFailure" time="11.325"/>
  <testcase classname="testscript.QALegendLoginPageTest" name="LoginTestFailure" time="2.734"/>
</testsuite> <!-- testscript.QALegendLoginPageTest -->
